Started GET "/" for 172.66.0.243 at 2025-11-24 19:38:22 +0000
Cannot render console from 172.66.0.243! Allowed networks: 127.0.0.0/127.255.255.255, ::1
  [1m[35m (23.9ms)[0m  [1m[35mCREATE TABLE "schema_migrations" ("version" character varying NOT NULL PRIMARY KEY) /*application='Feedbrainer'*/[0m
  [1m[35m (3.3ms)[0m  [1m[35mCREATE TABLE "ar_internal_metadata" ("key" character varying NOT NULL PRIMARY KEY, "value" character varying, "created_at" timestamp(6) NOT NULL, "updated_at" timestamp(6) NOT NULL) /*application='Feedbrainer'*/[0m
  [1m[36mActiveRecord::SchemaMigration Load (1.0ms)[0m  [1m[34mSELECT "schema_migrations"."version" FROM "schema_migrations" ORDER BY "schema_migrations"."version" ASC /*application='Feedbrainer'*/[0m
Processing by Rails::WelcomeController#index as */*
  Rendering /bundle/ruby/3.2.0/gems/railties-8.0.4/lib/rails/templates/rails/welcome/index.html.erb
  Rendered /bundle/ruby/3.2.0/gems/railties-8.0.4/lib/rails/templates/rails/welcome/index.html.erb (Duration: 1.0ms | GC: 0.0ms)
Completed 200 OK in 74ms (Views: 12.0ms | ActiveRecord: 0.0ms (0 queries, 0 cached) | GC: 0.0ms)


[ActionDispatch::HostAuthorization::DefaultResponseApp] Blocked hosts: dev.libre.news
[ActionDispatch::HostAuthorization::DefaultResponseApp] Blocked hosts: dev.libre.news
[ActionDispatch::HostAuthorization::DefaultResponseApp] Blocked hosts: dev.libre.news
[ActionDispatch::HostAuthorization::DefaultResponseApp] Blocked hosts: dev.libre.news
[ActionDispatch::HostAuthorization::DefaultResponseApp] Blocked hosts: dev.libre.news
[ActionDispatch::HostAuthorization::DefaultResponseApp] Blocked hosts: dev.libre.news
[ActionDispatch::HostAuthorization::DefaultResponseApp] Blocked hosts: dev.libre.news
[ActionDispatch::HostAuthorization::DefaultResponseApp] Blocked hosts: dev.libre.news
[ActionDispatch::HostAuthorization::DefaultResponseApp] Blocked hosts: dev.libre.news
[ActionDispatch::HostAuthorization::DefaultResponseApp] Blocked hosts: dev.libre.news
[ActionDispatch::HostAuthorization::DefaultResponseApp] Blocked hosts: dev.libre.news
[ActionDispatch::HostAuthorization::DefaultResponseApp] Blocked hosts: dev.libre.news
[ActionDispatch::HostAuthorization::DefaultResponseApp] Blocked hosts: dev.libre.news
[ActionDispatch::HostAuthorization::DefaultResponseApp] Blocked hosts: dev.libre.news
[ActionDispatch::HostAuthorization::DefaultResponseApp] Blocked hosts: dev.libre.news
[ActionDispatch::HostAuthorization::DefaultResponseApp] Blocked hosts: dev.libre.news
[ActionDispatch::HostAuthorization::DefaultResponseApp] Blocked hosts: dev.libre.news
[ActionDispatch::HostAuthorization::DefaultResponseApp] Blocked hosts: dev.libre.news
[ActionDispatch::HostAuthorization::DefaultResponseApp] Blocked hosts: dev.libre.news
[ActionDispatch::HostAuthorization::DefaultResponseApp] Blocked hosts: dev.libre.news
[ActionDispatch::HostAuthorization::DefaultResponseApp] Blocked hosts: dev.libre.news
[ActionDispatch::HostAuthorization::DefaultResponseApp] Blocked hosts: dev.libre.news
[ActionDispatch::HostAuthorization::DefaultResponseApp] Blocked hosts: dev.libre.news
[ActionDispatch::HostAuthorization::DefaultResponseApp] Blocked hosts: dev.libre.news
[ActionDispatch::HostAuthorization::DefaultResponseApp] Blocked hosts: dev.libre.news
[ActionDispatch::HostAuthorization::DefaultResponseApp] Blocked hosts: dev.libre.news
[ActionDispatch::HostAuthorization::DefaultResponseApp] Blocked hosts: dev.libre.news
[ActionDispatch::HostAuthorization::DefaultResponseApp] Blocked hosts: dev.libre.news
[ActionDispatch::HostAuthorization::DefaultResponseApp] Blocked hosts: dev.libre.news
[ActionDispatch::HostAuthorization::DefaultResponseApp] Blocked hosts: dev.libre.news
[ActionDispatch::HostAuthorization::DefaultResponseApp] Blocked hosts: dev.libre.news
[ActionDispatch::HostAuthorization::DefaultResponseApp] Blocked hosts: dev.libre.news
[ActionDispatch::HostAuthorization::DefaultResponseApp] Blocked hosts: dev.libre.news
[ActionDispatch::HostAuthorization::DefaultResponseApp] Blocked hosts: dev.libre.news
[ActionDispatch::HostAuthorization::DefaultResponseApp] Blocked hosts: dev.libre.news
[ActionDispatch::HostAuthorization::DefaultResponseApp] Blocked hosts: dev.libre.news
[ActionDispatch::HostAuthorization::DefaultResponseApp] Blocked hosts: dev.libre.news
[ActionDispatch::HostAuthorization::DefaultResponseApp] Blocked hosts: dev.libre.news
[ActionDispatch::HostAuthorization::DefaultResponseApp] Blocked hosts: dev.libre.news
[ActionDispatch::HostAuthorization::DefaultResponseApp] Blocked hosts: dev.libre.news
[ActionDispatch::HostAuthorization::DefaultResponseApp] Blocked hosts: dev.libre.news
[ActionDispatch::HostAuthorization::DefaultResponseApp] Blocked hosts: dev.libre.news
[ActionDispatch::HostAuthorization::DefaultResponseApp] Blocked hosts: dev.libre.news
[ActionDispatch::HostAuthorization::DefaultResponseApp] Blocked hosts: dev.libre.news
[ActionDispatch::HostAuthorization::DefaultResponseApp] Blocked hosts: dev.libre.news
[ActionDispatch::HostAuthorization::DefaultResponseApp] Blocked hosts: dev.libre.news
[ActionDispatch::HostAuthorization::DefaultResponseApp] Blocked hosts: dev.libre.news
[ActionDispatch::HostAuthorization::DefaultResponseApp] Blocked hosts: dev.libre.news
[ActionDispatch::HostAuthorization::DefaultResponseApp] Blocked hosts: dev.libre.news
[ActionDispatch::HostAuthorization::DefaultResponseApp] Blocked hosts: dev.libre.news
[ActionDispatch::HostAuthorization::DefaultResponseApp] Blocked hosts: dev.libre.news
[ActionDispatch::HostAuthorization::DefaultResponseApp] Blocked hosts: dev.libre.news
[ActionDispatch::HostAuthorization::DefaultResponseApp] Blocked hosts: dev.libre.news
[ActionDispatch::HostAuthorization::DefaultResponseApp] Blocked hosts: dev.libre.news
[ActionDispatch::HostAuthorization::DefaultResponseApp] Blocked hosts: dev.libre.news
[ActionDispatch::HostAuthorization::DefaultResponseApp] Blocked hosts: dev.libre.news
[ActionDispatch::HostAuthorization::DefaultResponseApp] Blocked hosts: dev.libre.news
[ActionDispatch::HostAuthorization::DefaultResponseApp] Blocked hosts: dev.libre.news
[ActionDispatch::HostAuthorization::DefaultResponseApp] Blocked hosts: dev.libre.news
[ActionDispatch::HostAuthorization::DefaultResponseApp] Blocked hosts: dev.libre.news
[ActionDispatch::HostAuthorization::DefaultResponseApp] Blocked hosts: dev.libre.news
[ActionDispatch::HostAuthorization::DefaultResponseApp] Blocked hosts: dev.libre.news
[ActionDispatch::HostAuthorization::DefaultResponseApp] Blocked hosts: dev.libre.news
[ActionDispatch::HostAuthorization::DefaultResponseApp] Blocked hosts: dev.libre.news
[ActionDispatch::HostAuthorization::DefaultResponseApp] Blocked hosts: dev.libre.news
[ActionDispatch::HostAuthorization::DefaultResponseApp] Blocked hosts: dev.libre.news
[ActionDispatch::HostAuthorization::DefaultResponseApp] Blocked hosts: dev.libre.news
[ActionDispatch::HostAuthorization::DefaultResponseApp] Blocked hosts: dev.libre.news
[ActionDispatch::HostAuthorization::DefaultResponseApp] Blocked hosts: dev.libre.news
[ActionDispatch::HostAuthorization::DefaultResponseApp] Blocked hosts: dev.libre.news
[ActionDispatch::HostAuthorization::DefaultResponseApp] Blocked hosts: dev.libre.news
[ActionDispatch::HostAuthorization::DefaultResponseApp] Blocked hosts: dev.libre.news
[ActionDispatch::HostAuthorization::DefaultResponseApp] Blocked hosts: dev.libre.news
[ActionDispatch::HostAuthorization::DefaultResponseApp] Blocked hosts: dev.libre.news
[ActionDispatch::HostAuthorization::DefaultResponseApp] Blocked hosts: dev.libre.news
[ActionDispatch::HostAuthorization::DefaultResponseApp] Blocked hosts: dev.libre.news
[ActionDispatch::HostAuthorization::DefaultResponseApp] Blocked hosts: dev.libre.news
[ActionDispatch::HostAuthorization::DefaultResponseApp] Blocked hosts: dev.libre.news
[ActionDispatch::HostAuthorization::DefaultResponseApp] Blocked hosts: dev.libre.news
[ActionDispatch::HostAuthorization::DefaultResponseApp] Blocked hosts: dev.libre.news
[ActionDispatch::HostAuthorization::DefaultResponseApp] Blocked hosts: dev.libre.news
[ActionDispatch::HostAuthorization::DefaultResponseApp] Blocked hosts: dev.libre.news
[ActionDispatch::HostAuthorization::DefaultResponseApp] Blocked hosts: dev.libre.news
[ActionDispatch::HostAuthorization::DefaultResponseApp] Blocked hosts: dev.libre.news
[ActionDispatch::HostAuthorization::DefaultResponseApp] Blocked hosts: dev.libre.news
[ActionDispatch::HostAuthorization::DefaultResponseApp] Blocked hosts: dev.libre.news
[ActionDispatch::HostAuthorization::DefaultResponseApp] Blocked hosts: dev.libre.news
[ActionDispatch::HostAuthorization::DefaultResponseApp] Blocked hosts: dev.libre.news
[ActionDispatch::HostAuthorization::DefaultResponseApp] Blocked hosts: dev.libre.news
[ActionDispatch::HostAuthorization::DefaultResponseApp] Blocked hosts: dev.libre.news
[ActionDispatch::HostAuthorization::DefaultResponseApp] Blocked hosts: dev.libre.news
[ActionDispatch::HostAuthorization::DefaultResponseApp] Blocked hosts: dev.libre.news
[ActionDispatch::HostAuthorization::DefaultResponseApp] Blocked hosts: dev.libre.news
[ActionDispatch::HostAuthorization::DefaultResponseApp] Blocked hosts: dev.libre.news
[ActionDispatch::HostAuthorization::DefaultResponseApp] Blocked hosts: dev.libre.news
[ActionDispatch::HostAuthorization::DefaultResponseApp] Blocked hosts: dev.libre.news
[ActionDispatch::HostAuthorization::DefaultResponseApp] Blocked hosts: dev.libre.news
[ActionDispatch::HostAuthorization::DefaultResponseApp] Blocked hosts: dev.libre.news
[ActionDispatch::HostAuthorization::DefaultResponseApp] Blocked hosts: dev.libre.news
[ActionDispatch::HostAuthorization::DefaultResponseApp] Blocked hosts: dev.libre.news
[ActionDispatch::HostAuthorization::DefaultResponseApp] Blocked hosts: dev.libre.news
[ActionDispatch::HostAuthorization::DefaultResponseApp] Blocked hosts: dev.libre.news
[ActionDispatch::HostAuthorization::DefaultResponseApp] Blocked hosts: dev.libre.news
[ActionDispatch::HostAuthorization::DefaultResponseApp] Blocked hosts: dev.libre.news
[ActionDispatch::HostAuthorization::DefaultResponseApp] Blocked hosts: dev.libre.news
[ActionDispatch::HostAuthorization::DefaultResponseApp] Blocked hosts: dev.libre.news
[ActionDispatch::HostAuthorization::DefaultResponseApp] Blocked hosts: dev.libre.news
[ActionDispatch::HostAuthorization::DefaultResponseApp] Blocked hosts: dev.libre.news
[ActionDispatch::HostAuthorization::DefaultResponseApp] Blocked hosts: dev.libre.news
[ActionDispatch::HostAuthorization::DefaultResponseApp] Blocked hosts: dev.libre.news
[ActionDispatch::HostAuthorization::DefaultResponseApp] Blocked hosts: dev.libre.news
[ActionDispatch::HostAuthorization::DefaultResponseApp] Blocked hosts: dev.libre.news
[ActionDispatch::HostAuthorization::DefaultResponseApp] Blocked hosts: dev.libre.news
[ActionDispatch::HostAuthorization::DefaultResponseApp] Blocked hosts: dev.libre.news
[ActionDispatch::HostAuthorization::DefaultResponseApp] Blocked hosts: dev.libre.news
[ActionDispatch::HostAuthorization::DefaultResponseApp] Blocked hosts: dev.libre.news
[ActionDispatch::HostAuthorization::DefaultResponseApp] Blocked hosts: dev.libre.news
[ActionDispatch::HostAuthorization::DefaultResponseApp] Blocked hosts: dev.libre.news
[ActionDispatch::HostAuthorization::DefaultResponseApp] Blocked hosts: dev.libre.news
[ActionDispatch::HostAuthorization::DefaultResponseApp] Blocked hosts: dev.libre.news
[ActionDispatch::HostAuthorization::DefaultResponseApp] Blocked hosts: dev.libre.news
[ActionDispatch::HostAuthorization::DefaultResponseApp] Blocked hosts: dev.libre.news
[ActionDispatch::HostAuthorization::DefaultResponseApp] Blocked hosts: dev.libre.news
[ActionDispatch::HostAuthorization::DefaultResponseApp] Blocked hosts: dev.libre.news
[ActionDispatch::HostAuthorization::DefaultResponseApp] Blocked hosts: dev.libre.news
[ActionDispatch::HostAuthorization::DefaultResponseApp] Blocked hosts: dev.libre.news
[ActionDispatch::HostAuthorization::DefaultResponseApp] Blocked hosts: dev.libre.news
[ActionDispatch::HostAuthorization::DefaultResponseApp] Blocked hosts: dev.libre.news
[ActionDispatch::HostAuthorization::DefaultResponseApp] Blocked hosts: dev.libre.news
[ActionDispatch::HostAuthorization::DefaultResponseApp] Blocked hosts: dev.libre.news
[ActionDispatch::HostAuthorization::DefaultResponseApp] Blocked hosts: dev.libre.news
[ActionDispatch::HostAuthorization::DefaultResponseApp] Blocked hosts: dev.libre.news
[ActionDispatch::HostAuthorization::DefaultResponseApp] Blocked hosts: dev.libre.news
[ActionDispatch::HostAuthorization::DefaultResponseApp] Blocked hosts: dev.libre.news
[ActionDispatch::HostAuthorization::DefaultResponseApp] Blocked hosts: dev.libre.news
[ActionDispatch::HostAuthorization::DefaultResponseApp] Blocked hosts: dev.libre.news
[ActionDispatch::HostAuthorization::DefaultResponseApp] Blocked hosts: dev.libre.news
[ActionDispatch::HostAuthorization::DefaultResponseApp] Blocked hosts: dev.libre.news
[ActionDispatch::HostAuthorization::DefaultResponseApp] Blocked hosts: dev.libre.news
[ActionDispatch::HostAuthorization::DefaultResponseApp] Blocked hosts: dev.libre.news
[ActionDispatch::HostAuthorization::DefaultResponseApp] Blocked hosts: dev.libre.news
[ActionDispatch::HostAuthorization::DefaultResponseApp] Blocked hosts: dev.libre.news
[ActionDispatch::HostAuthorization::DefaultResponseApp] Blocked hosts: dev.libre.news
[ActionDispatch::HostAuthorization::DefaultResponseApp] Blocked hosts: dev.libre.news
[ActionDispatch::HostAuthorization::DefaultResponseApp] Blocked hosts: dev.libre.news
[ActionDispatch::HostAuthorization::DefaultResponseApp] Blocked hosts: dev.libre.news
[ActionDispatch::HostAuthorization::DefaultResponseApp] Blocked hosts: dev.libre.news
[ActionDispatch::HostAuthorization::DefaultResponseApp] Blocked hosts: dev.libre.news
[ActionDispatch::HostAuthorization::DefaultResponseApp] Blocked hosts: dev.libre.news
[ActionDispatch::HostAuthorization::DefaultResponseApp] Blocked hosts: dev.libre.news
[ActionDispatch::HostAuthorization::DefaultResponseApp] Blocked hosts: dev.libre.news
[ActionDispatch::HostAuthorization::DefaultResponseApp] Blocked hosts: dev.libre.news
[ActionDispatch::HostAuthorization::DefaultResponseApp] Blocked hosts: dev.libre.news
[ActionDispatch::HostAuthorization::DefaultResponseApp] Blocked hosts: dev.libre.news
[ActionDispatch::HostAuthorization::DefaultResponseApp] Blocked hosts: dev.libre.news
[ActionDispatch::HostAuthorization::DefaultResponseApp] Blocked hosts: dev.libre.news
[ActionDispatch::HostAuthorization::DefaultResponseApp] Blocked hosts: dev.libre.news
[ActionDispatch::HostAuthorization::DefaultResponseApp] Blocked hosts: dev.libre.news
[ActionDispatch::HostAuthorization::DefaultResponseApp] Blocked hosts: dev.libre.news
[ActionDispatch::HostAuthorization::DefaultResponseApp] Blocked hosts: dev.libre.news
[ActionDispatch::HostAuthorization::DefaultResponseApp] Blocked hosts: dev.libre.news
[ActionDispatch::HostAuthorization::DefaultResponseApp] Blocked hosts: dev.libre.news
[ActionDispatch::HostAuthorization::DefaultResponseApp] Blocked hosts: dev.libre.news
[ActionDispatch::HostAuthorization::DefaultResponseApp] Blocked hosts: dev.libre.news
[ActionDispatch::HostAuthorization::DefaultResponseApp] Blocked hosts: dev.libre.news
[ActionDispatch::HostAuthorization::DefaultResponseApp] Blocked hosts: dev.libre.news
[ActionDispatch::HostAuthorization::DefaultResponseApp] Blocked hosts: dev.libre.news
[ActionDispatch::HostAuthorization::DefaultResponseApp] Blocked hosts: dev.libre.news
[ActionDispatch::HostAuthorization::DefaultResponseApp] Blocked hosts: dev.libre.news
[ActionDispatch::HostAuthorization::DefaultResponseApp] Blocked hosts: dev.libre.news
[ActionDispatch::HostAuthorization::DefaultResponseApp] Blocked hosts: dev.libre.news
[ActionDispatch::HostAuthorization::DefaultResponseApp] Blocked hosts: dev.libre.news
[ActionDispatch::HostAuthorization::DefaultResponseApp] Blocked hosts: dev.libre.news
[ActionDispatch::HostAuthorization::DefaultResponseApp] Blocked hosts: dev.libre.news
[ActionDispatch::HostAuthorization::DefaultResponseApp] Blocked hosts: dev.libre.news
[ActionDispatch::HostAuthorization::DefaultResponseApp] Blocked hosts: dev.libre.news
[ActionDispatch::HostAuthorization::DefaultResponseApp] Blocked hosts: dev.libre.news
[ActionDispatch::HostAuthorization::DefaultResponseApp] Blocked hosts: dev.libre.news
[ActionDispatch::HostAuthorization::DefaultResponseApp] Blocked hosts: dev.libre.news
[ActionDispatch::HostAuthorization::DefaultResponseApp] Blocked hosts: dev.libre.news
[ActionDispatch::HostAuthorization::DefaultResponseApp] Blocked hosts: dev.libre.news
[ActionDispatch::HostAuthorization::DefaultResponseApp] Blocked hosts: dev.libre.news
[ActionDispatch::HostAuthorization::DefaultResponseApp] Blocked hosts: dev.libre.news
[ActionDispatch::HostAuthorization::DefaultResponseApp] Blocked hosts: dev.libre.news
[ActionDispatch::HostAuthorization::DefaultResponseApp] Blocked hosts: dev.libre.news
[ActionDispatch::HostAuthorization::DefaultResponseApp] Blocked hosts: dev.libre.news
[ActionDispatch::HostAuthorization::DefaultResponseApp] Blocked hosts: dev.libre.news
[ActionDispatch::HostAuthorization::DefaultResponseApp] Blocked hosts: dev.libre.news
[ActionDispatch::HostAuthorization::DefaultResponseApp] Blocked hosts: dev.libre.news
[ActionDispatch::HostAuthorization::DefaultResponseApp] Blocked hosts: dev.libre.news
[ActionDispatch::HostAuthorization::DefaultResponseApp] Blocked hosts: dev.libre.news
[ActionDispatch::HostAuthorization::DefaultResponseApp] Blocked hosts: dev.libre.news
[ActionDispatch::HostAuthorization::DefaultResponseApp] Blocked hosts: dev.libre.news
[ActionDispatch::HostAuthorization::DefaultResponseApp] Blocked hosts: dev.libre.news
[ActionDispatch::HostAuthorization::DefaultResponseApp] Blocked hosts: dev.libre.news
[ActionDispatch::HostAuthorization::DefaultResponseApp] Blocked hosts: dev.libre.news
[ActionDispatch::HostAuthorization::DefaultResponseApp] Blocked hosts: dev.libre.news
[ActionDispatch::HostAuthorization::DefaultResponseApp] Blocked hosts: dev.libre.news
Started GET "/" for 172.66.0.243 at 2025-11-24 20:23:32 +0000
Cannot render console from 172.66.0.243! Allowed networks: 127.0.0.0/127.255.255.255, ::1
Processing by Rails::WelcomeController#index as HTML
  Rendering /bundle/ruby/3.2.0/gems/railties-8.0.4/lib/rails/templates/rails/welcome/index.html.erb
  Rendered /bundle/ruby/3.2.0/gems/railties-8.0.4/lib/rails/templates/rails/welcome/index.html.erb (Duration: 1.0ms | GC: 0.0ms)
Completed 200 OK in 57ms (Views: 6.6ms | ActiveRecord: 0.0ms (0 queries, 0 cached) | GC: 0.0ms)


[ActionDispatch::HostAuthorization::DefaultResponseApp] Blocked hosts: dev.libre.news
[ActionDispatch::HostAuthorization::DefaultResponseApp] Blocked hosts: dev.libre.news
[ActionDispatch::HostAuthorization::DefaultResponseApp] Blocked hosts: dev.libre.news
[ActionDispatch::HostAuthorization::DefaultResponseApp] Blocked hosts: dev.libre.news
[ActionDispatch::HostAuthorization::DefaultResponseApp] Blocked hosts: dev.libre.news
[ActionDispatch::HostAuthorization::DefaultResponseApp] Blocked hosts: dev.libre.news
[ActionDispatch::HostAuthorization::DefaultResponseApp] Blocked hosts: dev.libre.news
[ActionDispatch::HostAuthorization::DefaultResponseApp] Blocked hosts: dev.libre.news
[ActionDispatch::HostAuthorization::DefaultResponseApp] Blocked hosts: dev.libre.news
[ActionDispatch::HostAuthorization::DefaultResponseApp] Blocked hosts: dev.libre.news
[ActionDispatch::HostAuthorization::DefaultResponseApp] Blocked hosts: dev.libre.news
[ActionDispatch::HostAuthorization::DefaultResponseApp] Blocked hosts: dev.libre.news
[ActionDispatch::HostAuthorization::DefaultResponseApp] Blocked hosts: dev.libre.news
[ActionDispatch::HostAuthorization::DefaultResponseApp] Blocked hosts: dev.libre.news
[ActionDispatch::HostAuthorization::DefaultResponseApp] Blocked hosts: dev.libre.news
[ActionDispatch::HostAuthorization::DefaultResponseApp] Blocked hosts: dev.libre.news
[ActionDispatch::HostAuthorization::DefaultResponseApp] Blocked hosts: dev.libre.news
[ActionDispatch::HostAuthorization::DefaultResponseApp] Blocked hosts: dev.libre.news
[ActionDispatch::HostAuthorization::DefaultResponseApp] Blocked hosts: dev.libre.news
[ActionDispatch::HostAuthorization::DefaultResponseApp] Blocked hosts: dev.libre.news
[ActionDispatch::HostAuthorization::DefaultResponseApp] Blocked hosts: dev.libre.news
[ActionDispatch::HostAuthorization::DefaultResponseApp] Blocked hosts: dev.libre.news
[ActionDispatch::HostAuthorization::DefaultResponseApp] Blocked hosts: dev.libre.news
[ActionDispatch::HostAuthorization::DefaultResponseApp] Blocked hosts: dev.libre.news
[ActionDispatch::HostAuthorization::DefaultResponseApp] Blocked hosts: dev.libre.news
[ActionDispatch::HostAuthorization::DefaultResponseApp] Blocked hosts: dev.libre.news
[ActionDispatch::HostAuthorization::DefaultResponseApp] Blocked hosts: dev.libre.news
[ActionDispatch::HostAuthorization::DefaultResponseApp] Blocked hosts: dev.libre.news
[ActionDispatch::HostAuthorization::DefaultResponseApp] Blocked hosts: dev.libre.news
[ActionDispatch::HostAuthorization::DefaultResponseApp] Blocked hosts: dev.libre.news
[ActionDispatch::HostAuthorization::DefaultResponseApp] Blocked hosts: dev.libre.news
[ActionDispatch::HostAuthorization::DefaultResponseApp] Blocked hosts: dev.libre.news
[ActionDispatch::HostAuthorization::DefaultResponseApp] Blocked hosts: dev.libre.news
[ActionDispatch::HostAuthorization::DefaultResponseApp] Blocked hosts: dev.libre.news
[ActionDispatch::HostAuthorization::DefaultResponseApp] Blocked hosts: dev.libre.news
[ActionDispatch::HostAuthorization::DefaultResponseApp] Blocked hosts: dev.libre.news
[ActionDispatch::HostAuthorization::DefaultResponseApp] Blocked hosts: dev.libre.news
[ActionDispatch::HostAuthorization::DefaultResponseApp] Blocked hosts: dev.libre.news
[ActionDispatch::HostAuthorization::DefaultResponseApp] Blocked hosts: dev.libre.news
[ActionDispatch::HostAuthorization::DefaultResponseApp] Blocked hosts: dev.libre.news
[ActionDispatch::HostAuthorization::DefaultResponseApp] Blocked hosts: dev.libre.news
[ActionDispatch::HostAuthorization::DefaultResponseApp] Blocked hosts: dev.libre.news
[ActionDispatch::HostAuthorization::DefaultResponseApp] Blocked hosts: dev.libre.news
[ActionDispatch::HostAuthorization::DefaultResponseApp] Blocked hosts: dev.libre.news
[ActionDispatch::HostAuthorization::DefaultResponseApp] Blocked hosts: dev.libre.news
Started GET "/" for 172.66.0.243 at 2025-11-24 20:28:52 +0000
Cannot render console from 172.66.0.243! Allowed networks: 127.0.0.0/127.255.255.255, ::1
Processing by HomeController#index as */*
  Rendering layout layouts/application.html.erb
  Rendering home/index.html.erb within layouts/application
  Rendered home/index.html.erb within layouts/application (Duration: 15.5ms | GC: 0.0ms)
  Rendered layout layouts/application.html.erb (Duration: 64.4ms | GC: 0.0ms)
Completed 200 OK in 223ms (Views: 84.3ms | ActiveRecord: 0.0ms (0 queries, 0 cached) | GC: 11.7ms)


[ActionDispatch::HostAuthorization::DefaultResponseApp] Blocked hosts: dev.libre.news
[ActionDispatch::HostAuthorization::DefaultResponseApp] Blocked hosts: dev.libre.news
[ActionDispatch::HostAuthorization::DefaultResponseApp] Blocked hosts: dev.libre.news
[ActionDispatch::HostAuthorization::DefaultResponseApp] Blocked hosts: dev.libre.news
[ActionDispatch::HostAuthorization::DefaultResponseApp] Blocked hosts: dev.libre.news
Started GET "/" for 172.66.0.243 at 2025-11-24 20:29:08 +0000
Cannot render console from 172.66.0.243! Allowed networks: 127.0.0.0/127.255.255.255, ::1
Processing by HomeController#index as */*
  Rendering layout layouts/application.html.erb
  Rendering home/index.html.erb within layouts/application
  Rendered home/index.html.erb within layouts/application (Duration: 2.2ms | GC: 0.0ms)
  Rendered layout layouts/application.html.erb (Duration: 7.7ms | GC: 0.0ms)
Completed 200 OK in 76ms (Views: 9.6ms | ActiveRecord: 0.0ms (0 queries, 0 cached) | GC: 0.0ms)


[ActionDispatch::HostAuthorization::DefaultResponseApp] Blocked hosts: dev.libre.news
[ActionDispatch::HostAuthorization::DefaultResponseApp] Blocked hosts: dev.libre.news
[ActionDispatch::HostAuthorization::DefaultResponseApp] Blocked hosts: dev.libre.news
[ActionDispatch::HostAuthorization::DefaultResponseApp] Blocked hosts: dev.libre.news
[ActionDispatch::HostAuthorization::DefaultResponseApp] Blocked hosts: dev.libre.news
[ActionDispatch::HostAuthorization::DefaultResponseApp] Blocked hosts: dev.libre.news
[ActionDispatch::HostAuthorization::DefaultResponseApp] Blocked hosts: dev.libre.news
[ActionDispatch::HostAuthorization::DefaultResponseApp] Blocked hosts: dev.libre.news
[ActionDispatch::HostAuthorization::DefaultResponseApp] Blocked hosts: dev.libre.news
[ActionDispatch::HostAuthorization::DefaultResponseApp] Blocked hosts: dev.libre.news
[ActionDispatch::HostAuthorization::DefaultResponseApp] Blocked hosts: dev.libre.news
[ActionDispatch::HostAuthorization::DefaultResponseApp] Blocked hosts: dev.libre.news
[ActionDispatch::HostAuthorization::DefaultResponseApp] Blocked hosts: dev.libre.news
[ActionDispatch::HostAuthorization::DefaultResponseApp] Blocked hosts: dev.libre.news
[ActionDispatch::HostAuthorization::DefaultResponseApp] Blocked hosts: dev.libre.news
[ActionDispatch::HostAuthorization::DefaultResponseApp] Blocked hosts: dev.libre.news
[ActionDispatch::HostAuthorization::DefaultResponseApp] Blocked hosts: dev.libre.news
[ActionDispatch::HostAuthorization::DefaultResponseApp] Blocked hosts: dev.libre.news
[ActionDispatch::HostAuthorization::DefaultResponseApp] Blocked hosts: dev.libre.news
[ActionDispatch::HostAuthorization::DefaultResponseApp] Blocked hosts: dev.libre.news
[ActionDispatch::HostAuthorization::DefaultResponseApp] Blocked hosts: dev.libre.news
[ActionDispatch::HostAuthorization::DefaultResponseApp] Blocked hosts: dev.libre.news
[ActionDispatch::HostAuthorization::DefaultResponseApp] Blocked hosts: dev.libre.news
[ActionDispatch::HostAuthorization::DefaultResponseApp] Blocked hosts: dev.libre.news
[ActionDispatch::HostAuthorization::DefaultResponseApp] Blocked hosts: dev.libre.news
[ActionDispatch::HostAuthorization::DefaultResponseApp] Blocked hosts: dev.libre.news
[ActionDispatch::HostAuthorization::DefaultResponseApp] Blocked hosts: dev.libre.news
[ActionDispatch::HostAuthorization::DefaultResponseApp] Blocked hosts: dev.libre.news
[ActionDispatch::HostAuthorization::DefaultResponseApp] Blocked hosts: dev.libre.news
[ActionDispatch::HostAuthorization::DefaultResponseApp] Blocked hosts: dev.libre.news
[ActionDispatch::HostAuthorization::DefaultResponseApp] Blocked hosts: dev.libre.news
[ActionDispatch::HostAuthorization::DefaultResponseApp] Blocked hosts: dev.libre.news
[ActionDispatch::HostAuthorization::DefaultResponseApp] Blocked hosts: dev.libre.news
[ActionDispatch::HostAuthorization::DefaultResponseApp] Blocked hosts: dev.libre.news
[ActionDispatch::HostAuthorization::DefaultResponseApp] Blocked hosts: dev.libre.news
[ActionDispatch::HostAuthorization::DefaultResponseApp] Blocked hosts: dev.libre.news
[ActionDispatch::HostAuthorization::DefaultResponseApp] Blocked hosts: dev.libre.news
[ActionDispatch::HostAuthorization::DefaultResponseApp] Blocked hosts: dev.libre.news
[ActionDispatch::HostAuthorization::DefaultResponseApp] Blocked hosts: dev.libre.news
[ActionDispatch::HostAuthorization::DefaultResponseApp] Blocked hosts: dev.libre.news
[ActionDispatch::HostAuthorization::DefaultResponseApp] Blocked hosts: dev.libre.news
[ActionDispatch::HostAuthorization::DefaultResponseApp] Blocked hosts: dev.libre.news
[ActionDispatch::HostAuthorization::DefaultResponseApp] Blocked hosts: dev.libre.news
[ActionDispatch::HostAuthorization::DefaultResponseApp] Blocked hosts: dev.libre.news
[ActionDispatch::HostAuthorization::DefaultResponseApp] Blocked hosts: dev.libre.news
[ActionDispatch::HostAuthorization::DefaultResponseApp] Blocked hosts: dev.libre.news
[ActionDispatch::HostAuthorization::DefaultResponseApp] Blocked hosts: dev.libre.news
[ActionDispatch::HostAuthorization::DefaultResponseApp] Blocked hosts: dev.libre.news
[ActionDispatch::HostAuthorization::DefaultResponseApp] Blocked hosts: dev.libre.news
[ActionDispatch::HostAuthorization::DefaultResponseApp] Blocked hosts: dev.libre.news
[ActionDispatch::HostAuthorization::DefaultResponseApp] Blocked hosts: dev.libre.news
[ActionDispatch::HostAuthorization::DefaultResponseApp] Blocked hosts: dev.libre.news
[ActionDispatch::HostAuthorization::DefaultResponseApp] Blocked hosts: dev.libre.news
[ActionDispatch::HostAuthorization::DefaultResponseApp] Blocked hosts: dev.libre.news
[ActionDispatch::HostAuthorization::DefaultResponseApp] Blocked hosts: dev.libre.news
[ActionDispatch::HostAuthorization::DefaultResponseApp] Blocked hosts: dev.libre.news
[ActionDispatch::HostAuthorization::DefaultResponseApp] Blocked hosts: dev.libre.news
[ActionDispatch::HostAuthorization::DefaultResponseApp] Blocked hosts: dev.libre.news
[ActionDispatch::HostAuthorization::DefaultResponseApp] Blocked hosts: dev.libre.news
[ActionDispatch::HostAuthorization::DefaultResponseApp] Blocked hosts: dev.libre.news
[ActionDispatch::HostAuthorization::DefaultResponseApp] Blocked hosts: dev.libre.news
[ActionDispatch::HostAuthorization::DefaultResponseApp] Blocked hosts: dev.libre.news
[ActionDispatch::HostAuthorization::DefaultResponseApp] Blocked hosts: dev.libre.news
[ActionDispatch::HostAuthorization::DefaultResponseApp] Blocked hosts: dev.libre.news
[ActionDispatch::HostAuthorization::DefaultResponseApp] Blocked hosts: dev.libre.news
[ActionDispatch::HostAuthorization::DefaultResponseApp] Blocked hosts: dev.libre.news
[ActionDispatch::HostAuthorization::DefaultResponseApp] Blocked hosts: dev.libre.news
[ActionDispatch::HostAuthorization::DefaultResponseApp] Blocked hosts: dev.libre.news
[ActionDispatch::HostAuthorization::DefaultResponseApp] Blocked hosts: dev.libre.news
[ActionDispatch::HostAuthorization::DefaultResponseApp] Blocked hosts: dev.libre.news
[ActionDispatch::HostAuthorization::DefaultResponseApp] Blocked hosts: dev.libre.news
[ActionDispatch::HostAuthorization::DefaultResponseApp] Blocked hosts: dev.libre.news
[ActionDispatch::HostAuthorization::DefaultResponseApp] Blocked hosts: dev.libre.news
[ActionDispatch::HostAuthorization::DefaultResponseApp] Blocked hosts: dev.libre.news
[ActionDispatch::HostAuthorization::DefaultResponseApp] Blocked hosts: dev.libre.news
[ActionDispatch::HostAuthorization::DefaultResponseApp] Blocked hosts: dev.libre.news
[ActionDispatch::HostAuthorization::DefaultResponseApp] Blocked hosts: dev.libre.news
[ActionDispatch::HostAuthorization::DefaultResponseApp] Blocked hosts: dev.libre.news
[ActionDispatch::HostAuthorization::DefaultResponseApp] Blocked hosts: dev.libre.news
[ActionDispatch::HostAuthorization::DefaultResponseApp] Blocked hosts: dev.libre.news
[ActionDispatch::HostAuthorization::DefaultResponseApp] Blocked hosts: dev.libre.news
[ActionDispatch::HostAuthorization::DefaultResponseApp] Blocked hosts: dev.libre.news
[ActionDispatch::HostAuthorization::DefaultResponseApp] Blocked hosts: dev.libre.news
[ActionDispatch::HostAuthorization::DefaultResponseApp] Blocked hosts: dev.libre.news
[ActionDispatch::HostAuthorization::DefaultResponseApp] Blocked hosts: dev.libre.news
[ActionDispatch::HostAuthorization::DefaultResponseApp] Blocked hosts: dev.libre.news
[ActionDispatch::HostAuthorization::DefaultResponseApp] Blocked hosts: dev.libre.news
[ActionDispatch::HostAuthorization::DefaultResponseApp] Blocked hosts: dev.libre.news
[ActionDispatch::HostAuthorization::DefaultResponseApp] Blocked hosts: dev.libre.news
[ActionDispatch::HostAuthorization::DefaultResponseApp] Blocked hosts: dev.libre.news
[ActionDispatch::HostAuthorization::DefaultResponseApp] Blocked hosts: dev.libre.news
[ActionDispatch::HostAuthorization::DefaultResponseApp] Blocked hosts: dev.libre.news
[ActionDispatch::HostAuthorization::DefaultResponseApp] Blocked hosts: dev.libre.news
[ActionDispatch::HostAuthorization::DefaultResponseApp] Blocked hosts: dev.libre.news
[ActionDispatch::HostAuthorization::DefaultResponseApp] Blocked hosts: dev.libre.news
[ActionDispatch::HostAuthorization::DefaultResponseApp] Blocked hosts: dev.libre.news
[ActionDispatch::HostAuthorization::DefaultResponseApp] Blocked hosts: dev.libre.news
[ActionDispatch::HostAuthorization::DefaultResponseApp] Blocked hosts: dev.libre.news
[ActionDispatch::HostAuthorization::DefaultResponseApp] Blocked hosts: dev.libre.news
[ActionDispatch::HostAuthorization::DefaultResponseApp] Blocked hosts: dev.libre.news
[ActionDispatch::HostAuthorization::DefaultResponseApp] Blocked hosts: dev.libre.news
[ActionDispatch::HostAuthorization::DefaultResponseApp] Blocked hosts: dev.libre.news
[ActionDispatch::HostAuthorization::DefaultResponseApp] Blocked hosts: dev.libre.news
[ActionDispatch::HostAuthorization::DefaultResponseApp] Blocked hosts: dev.libre.news
[ActionDispatch::HostAuthorization::DefaultResponseApp] Blocked hosts: dev.libre.news
[ActionDispatch::HostAuthorization::DefaultResponseApp] Blocked hosts: dev.libre.news
[ActionDispatch::HostAuthorization::DefaultResponseApp] Blocked hosts: dev.libre.news
[ActionDispatch::HostAuthorization::DefaultResponseApp] Blocked hosts: dev.libre.news
[ActionDispatch::HostAuthorization::DefaultResponseApp] Blocked hosts: dev.libre.news
[ActionDispatch::HostAuthorization::DefaultResponseApp] Blocked hosts: dev.libre.news
[ActionDispatch::HostAuthorization::DefaultResponseApp] Blocked hosts: dev.libre.news
[ActionDispatch::HostAuthorization::DefaultResponseApp] Blocked hosts: dev.libre.news
[ActionDispatch::HostAuthorization::DefaultResponseApp] Blocked hosts: dev.libre.news
[ActionDispatch::HostAuthorization::DefaultResponseApp] Blocked hosts: dev.libre.news
[ActionDispatch::HostAuthorization::DefaultResponseApp] Blocked hosts: dev.libre.news
[ActionDispatch::HostAuthorization::DefaultResponseApp] Blocked hosts: dev.libre.news
[ActionDispatch::HostAuthorization::DefaultResponseApp] Blocked hosts: dev.libre.news
[ActionDispatch::HostAuthorization::DefaultResponseApp] Blocked hosts: dev.libre.news
[ActionDispatch::HostAuthorization::DefaultResponseApp] Blocked hosts: dev.libre.news
[ActionDispatch::HostAuthorization::DefaultResponseApp] Blocked hosts: dev.libre.news
[ActionDispatch::HostAuthorization::DefaultResponseApp] Blocked hosts: dev.libre.news
[ActionDispatch::HostAuthorization::DefaultResponseApp] Blocked hosts: dev.libre.news
[ActionDispatch::HostAuthorization::DefaultResponseApp] Blocked hosts: dev.libre.news
[ActionDispatch::HostAuthorization::DefaultResponseApp] Blocked hosts: dev.libre.news
[ActionDispatch::HostAuthorization::DefaultResponseApp] Blocked hosts: dev.libre.news
[ActionDispatch::HostAuthorization::DefaultResponseApp] Blocked hosts: dev.libre.news
[ActionDispatch::HostAuthorization::DefaultResponseApp] Blocked hosts: dev.libre.news
[ActionDispatch::HostAuthorization::DefaultResponseApp] Blocked hosts: dev.libre.news
[ActionDispatch::HostAuthorization::DefaultResponseApp] Blocked hosts: dev.libre.news
[ActionDispatch::HostAuthorization::DefaultResponseApp] Blocked hosts: dev.libre.news
[ActionDispatch::HostAuthorization::DefaultResponseApp] Blocked hosts: dev.libre.news
[ActionDispatch::HostAuthorization::DefaultResponseApp] Blocked hosts: dev.libre.news
[ActionDispatch::HostAuthorization::DefaultResponseApp] Blocked hosts: dev.libre.news
[ActionDispatch::HostAuthorization::DefaultResponseApp] Blocked hosts: dev.libre.news
[ActionDispatch::HostAuthorization::DefaultResponseApp] Blocked hosts: dev.libre.news
[ActionDispatch::HostAuthorization::DefaultResponseApp] Blocked hosts: dev.libre.news
[ActionDispatch::HostAuthorization::DefaultResponseApp] Blocked hosts: dev.libre.news
[ActionDispatch::HostAuthorization::DefaultResponseApp] Blocked hosts: dev.libre.news
[ActionDispatch::HostAuthorization::DefaultResponseApp] Blocked hosts: dev.libre.news
[ActionDispatch::HostAuthorization::DefaultResponseApp] Blocked hosts: dev.libre.news
[ActionDispatch::HostAuthorization::DefaultResponseApp] Blocked hosts: dev.libre.news
[ActionDispatch::HostAuthorization::DefaultResponseApp] Blocked hosts: dev.libre.news
[ActionDispatch::HostAuthorization::DefaultResponseApp] Blocked hosts: dev.libre.news
[ActionDispatch::HostAuthorization::DefaultResponseApp] Blocked hosts: dev.libre.news
[ActionDispatch::HostAuthorization::DefaultResponseApp] Blocked hosts: dev.libre.news
[ActionDispatch::HostAuthorization::DefaultResponseApp] Blocked hosts: dev.libre.news
[ActionDispatch::HostAuthorization::DefaultResponseApp] Blocked hosts: dev.libre.news
[ActionDispatch::HostAuthorization::DefaultResponseApp] Blocked hosts: dev.libre.news
[ActionDispatch::HostAuthorization::DefaultResponseApp] Blocked hosts: dev.libre.news
[ActionDispatch::HostAuthorization::DefaultResponseApp] Blocked hosts: dev.libre.news
[ActionDispatch::HostAuthorization::DefaultResponseApp] Blocked hosts: dev.libre.news
[ActionDispatch::HostAuthorization::DefaultResponseApp] Blocked hosts: dev.libre.news
[ActionDispatch::HostAuthorization::DefaultResponseApp] Blocked hosts: dev.libre.news
[ActionDispatch::HostAuthorization::DefaultResponseApp] Blocked hosts: dev.libre.news
[ActionDispatch::HostAuthorization::DefaultResponseApp] Blocked hosts: dev.libre.news
[ActionDispatch::HostAuthorization::DefaultResponseApp] Blocked hosts: dev.libre.news
[ActionDispatch::HostAuthorization::DefaultResponseApp] Blocked hosts: dev.libre.news
[ActionDispatch::HostAuthorization::DefaultResponseApp] Blocked hosts: dev.libre.news
[ActionDispatch::HostAuthorization::DefaultResponseApp] Blocked hosts: dev.libre.news
[ActionDispatch::HostAuthorization::DefaultResponseApp] Blocked hosts: dev.libre.news
[ActionDispatch::HostAuthorization::DefaultResponseApp] Blocked hosts: dev.libre.news
[ActionDispatch::HostAuthorization::DefaultResponseApp] Blocked hosts: dev.libre.news
[ActionDispatch::HostAuthorization::DefaultResponseApp] Blocked hosts: dev.libre.news
[ActionDispatch::HostAuthorization::DefaultResponseApp] Blocked hosts: dev.libre.news
[ActionDispatch::HostAuthorization::DefaultResponseApp] Blocked hosts: dev.libre.news
[ActionDispatch::HostAuthorization::DefaultResponseApp] Blocked hosts: dev.libre.news
[ActionDispatch::HostAuthorization::DefaultResponseApp] Blocked hosts: dev.libre.news
[ActionDispatch::HostAuthorization::DefaultResponseApp] Blocked hosts: dev.libre.news
[ActionDispatch::HostAuthorization::DefaultResponseApp] Blocked hosts: dev.libre.news
[ActionDispatch::HostAuthorization::DefaultResponseApp] Blocked hosts: dev.libre.news
[ActionDispatch::HostAuthorization::DefaultResponseApp] Blocked hosts: dev.libre.news
[ActionDispatch::HostAuthorization::DefaultResponseApp] Blocked hosts: dev.libre.news
[ActionDispatch::HostAuthorization::DefaultResponseApp] Blocked hosts: dev.libre.news
[ActionDispatch::HostAuthorization::DefaultResponseApp] Blocked hosts: dev.libre.news
[ActionDispatch::HostAuthorization::DefaultResponseApp] Blocked hosts: dev.libre.news
[ActionDispatch::HostAuthorization::DefaultResponseApp] Blocked hosts: dev.libre.news
[ActionDispatch::HostAuthorization::DefaultResponseApp] Blocked hosts: dev.libre.news
[ActionDispatch::HostAuthorization::DefaultResponseApp] Blocked hosts: dev.libre.news
[ActionDispatch::HostAuthorization::DefaultResponseApp] Blocked hosts: dev.libre.news
[ActionDispatch::HostAuthorization::DefaultResponseApp] Blocked hosts: dev.libre.news
[ActionDispatch::HostAuthorization::DefaultResponseApp] Blocked hosts: dev.libre.news
[ActionDispatch::HostAuthorization::DefaultResponseApp] Blocked hosts: dev.libre.news
[ActionDispatch::HostAuthorization::DefaultResponseApp] Blocked hosts: dev.libre.news
[ActionDispatch::HostAuthorization::DefaultResponseApp] Blocked hosts: dev.libre.news
[ActionDispatch::HostAuthorization::DefaultResponseApp] Blocked hosts: dev.libre.news
[ActionDispatch::HostAuthorization::DefaultResponseApp] Blocked hosts: dev.libre.news
[ActionDispatch::HostAuthorization::DefaultResponseApp] Blocked hosts: dev.libre.news
[ActionDispatch::HostAuthorization::DefaultResponseApp] Blocked hosts: dev.libre.news
[ActionDispatch::HostAuthorization::DefaultResponseApp] Blocked hosts: dev.libre.news
[ActionDispatch::HostAuthorization::DefaultResponseApp] Blocked hosts: dev.libre.news
[ActionDispatch::HostAuthorization::DefaultResponseApp] Blocked hosts: dev.libre.news
[ActionDispatch::HostAuthorization::DefaultResponseApp] Blocked hosts: dev.libre.news
[ActionDispatch::HostAuthorization::DefaultResponseApp] Blocked hosts: dev.libre.news
[ActionDispatch::HostAuthorization::DefaultResponseApp] Blocked hosts: dev.libre.news
[ActionDispatch::HostAuthorization::DefaultResponseApp] Blocked hosts: dev.libre.news
[ActionDispatch::HostAuthorization::DefaultResponseApp] Blocked hosts: dev.libre.news
[ActionDispatch::HostAuthorization::DefaultResponseApp] Blocked hosts: dev.libre.news
[ActionDispatch::HostAuthorization::DefaultResponseApp] Blocked hosts: dev.libre.news
[ActionDispatch::HostAuthorization::DefaultResponseApp] Blocked hosts: dev.libre.news
[ActionDispatch::HostAuthorization::DefaultResponseApp] Blocked hosts: dev.libre.news
[ActionDispatch::HostAuthorization::DefaultResponseApp] Blocked hosts: dev.libre.news
[ActionDispatch::HostAuthorization::DefaultResponseApp] Blocked hosts: dev.libre.news
[ActionDispatch::HostAuthorization::DefaultResponseApp] Blocked hosts: dev.libre.news
[ActionDispatch::HostAuthorization::DefaultResponseApp] Blocked hosts: dev.libre.news
[ActionDispatch::HostAuthorization::DefaultResponseApp] Blocked hosts: dev.libre.news
[ActionDispatch::HostAuthorization::DefaultResponseApp] Blocked hosts: dev.libre.news
[ActionDispatch::HostAuthorization::DefaultResponseApp] Blocked hosts: dev.libre.news
[ActionDispatch::HostAuthorization::DefaultResponseApp] Blocked hosts: dev.libre.news
[ActionDispatch::HostAuthorization::DefaultResponseApp] Blocked hosts: dev.libre.news
[ActionDispatch::HostAuthorization::DefaultResponseApp] Blocked hosts: dev.libre.news
[ActionDispatch::HostAuthorization::DefaultResponseApp] Blocked hosts: dev.libre.news
[ActionDispatch::HostAuthorization::DefaultResponseApp] Blocked hosts: dev.libre.news
[ActionDispatch::HostAuthorization::DefaultResponseApp] Blocked hosts: dev.libre.news
[ActionDispatch::HostAuthorization::DefaultResponseApp] Blocked hosts: dev.libre.news
[ActionDispatch::HostAuthorization::DefaultResponseApp] Blocked hosts: dev.libre.news
[ActionDispatch::HostAuthorization::DefaultResponseApp] Blocked hosts: dev.libre.news
[ActionDispatch::HostAuthorization::DefaultResponseApp] Blocked hosts: dev.libre.news
[ActionDispatch::HostAuthorization::DefaultResponseApp] Blocked hosts: dev.libre.news
[ActionDispatch::HostAuthorization::DefaultResponseApp] Blocked hosts: dev.libre.news
[ActionDispatch::HostAuthorization::DefaultResponseApp] Blocked hosts: dev.libre.news
[ActionDispatch::HostAuthorization::DefaultResponseApp] Blocked hosts: dev.libre.news
[ActionDispatch::HostAuthorization::DefaultResponseApp] Blocked hosts: dev.libre.news
[ActionDispatch::HostAuthorization::DefaultResponseApp] Blocked hosts: dev.libre.news
[ActionDispatch::HostAuthorization::DefaultResponseApp] Blocked hosts: dev.libre.news
[ActionDispatch::HostAuthorization::DefaultResponseApp] Blocked hosts: dev.libre.news
[ActionDispatch::HostAuthorization::DefaultResponseApp] Blocked hosts: dev.libre.news
[ActionDispatch::HostAuthorization::DefaultResponseApp] Blocked hosts: dev.libre.news
[ActionDispatch::HostAuthorization::DefaultResponseApp] Blocked hosts: dev.libre.news
[ActionDispatch::HostAuthorization::DefaultResponseApp] Blocked hosts: dev.libre.news
[ActionDispatch::HostAuthorization::DefaultResponseApp] Blocked hosts: dev.libre.news
[ActionDispatch::HostAuthorization::DefaultResponseApp] Blocked hosts: dev.libre.news
[ActionDispatch::HostAuthorization::DefaultResponseApp] Blocked hosts: dev.libre.news
[ActionDispatch::HostAuthorization::DefaultResponseApp] Blocked hosts: dev.libre.news
[ActionDispatch::HostAuthorization::DefaultResponseApp] Blocked hosts: dev.libre.news
[ActionDispatch::HostAuthorization::DefaultResponseApp] Blocked hosts: dev.libre.news
[ActionDispatch::HostAuthorization::DefaultResponseApp] Blocked hosts: dev.libre.news
[ActionDispatch::HostAuthorization::DefaultResponseApp] Blocked hosts: dev.libre.news
[ActionDispatch::HostAuthorization::DefaultResponseApp] Blocked hosts: dev.libre.news
[ActionDispatch::HostAuthorization::DefaultResponseApp] Blocked hosts: dev.libre.news
[ActionDispatch::HostAuthorization::DefaultResponseApp] Blocked hosts: dev.libre.news
[ActionDispatch::HostAuthorization::DefaultResponseApp] Blocked hosts: dev.libre.news
[ActionDispatch::HostAuthorization::DefaultResponseApp] Blocked hosts: dev.libre.news
[ActionDispatch::HostAuthorization::DefaultResponseApp] Blocked hosts: dev.libre.news
[ActionDispatch::HostAuthorization::DefaultResponseApp] Blocked hosts: dev.libre.news
[ActionDispatch::HostAuthorization::DefaultResponseApp] Blocked hosts: dev.libre.news
[ActionDispatch::HostAuthorization::DefaultResponseApp] Blocked hosts: dev.libre.news
[ActionDispatch::HostAuthorization::DefaultResponseApp] Blocked hosts: dev.libre.news
[ActionDispatch::HostAuthorization::DefaultResponseApp] Blocked hosts: dev.libre.news
[ActionDispatch::HostAuthorization::DefaultResponseApp] Blocked hosts: dev.libre.news
[ActionDispatch::HostAuthorization::DefaultResponseApp] Blocked hosts: dev.libre.news
[ActionDispatch::HostAuthorization::DefaultResponseApp] Blocked hosts: dev.libre.news
[ActionDispatch::HostAuthorization::DefaultResponseApp] Blocked hosts: dev.libre.news
[ActionDispatch::HostAuthorization::DefaultResponseApp] Blocked hosts: dev.libre.news
[ActionDispatch::HostAuthorization::DefaultResponseApp] Blocked hosts: dev.libre.news
[ActionDispatch::HostAuthorization::DefaultResponseApp] Blocked hosts: dev.libre.news
[ActionDispatch::HostAuthorization::DefaultResponseApp] Blocked hosts: dev.libre.news
[ActionDispatch::HostAuthorization::DefaultResponseApp] Blocked hosts: dev.libre.news
[ActionDispatch::HostAuthorization::DefaultResponseApp] Blocked hosts: dev.libre.news
[ActionDispatch::HostAuthorization::DefaultResponseApp] Blocked hosts: dev.libre.news
[ActionDispatch::HostAuthorization::DefaultResponseApp] Blocked hosts: dev.libre.news
[ActionDispatch::HostAuthorization::DefaultResponseApp] Blocked hosts: dev.libre.news
[ActionDispatch::HostAuthorization::DefaultResponseApp] Blocked hosts: dev.libre.news
[ActionDispatch::HostAuthorization::DefaultResponseApp] Blocked hosts: dev.libre.news
[ActionDispatch::HostAuthorization::DefaultResponseApp] Blocked hosts: dev.libre.news
[ActionDispatch::HostAuthorization::DefaultResponseApp] Blocked hosts: dev.libre.news
[ActionDispatch::HostAuthorization::DefaultResponseApp] Blocked hosts: dev.libre.news
[ActionDispatch::HostAuthorization::DefaultResponseApp] Blocked hosts: dev.libre.news
[ActionDispatch::HostAuthorization::DefaultResponseApp] Blocked hosts: dev.libre.news
[ActionDispatch::HostAuthorization::DefaultResponseApp] Blocked hosts: dev.libre.news
